生成启动时间为 2018/4/1 2:04:32。
     1>项目“E:\visual studio 2012\aliasing_fisheye8\aliasing_fisheye8\aliasing_fisheye8.vcxproj”在节点 2 上(Build 个目标)。
     1>ClCompile:
         D:\Program Files (x86)\Microsoft Visual Studio 11.0\VC\bin\CL.exe /c /ZI /nologo /W3 /WX- /Od /Oy- /D WIN32 /D _DEBUG /D _CONSOLE /D _MBCS /Gm /EHsc /RTC1 /MDd /GS /fp:precise /Zc:wchar_t /Zc:forScope /Fo"Debug\\" /Fd"Debug\vc110.pdb" /Gd /TP /analyze- /errorReport:prompt main.cpp
         main.cpp
     1>e:\visual studio 2012\aliasing_fisheye8\aliasing_fisheye8\library.h(17): warning C4005: “MAX”: 宏重定义
                 d:\opencv2.4.13\opencv\build\include\opencv2\core\types_c.h(291) : 参见“MAX”的前一个定义
     1>e:\visual studio 2012\aliasing_fisheye8\aliasing_fisheye8\library.h(18): warning C4005: “MIN”: 宏重定义
                 d:\opencv2.4.13\opencv\build\include\opencv2\core\types_c.h(287) : 参见“MIN”的前一个定义
     1>e:\visual studio 2012\aliasing_fisheye8\aliasing_fisheye8\main.cpp(20): warning C4244: “初始化”: 从“double”转换到“float”，可能丢失数据
     1>e:\visual studio 2012\aliasing_fisheye8\aliasing_fisheye8\main.cpp(44): warning C4244: “参数”: 从“double”转换到“float”，可能丢失数据
     1>e:\visual studio 2012\aliasing_fisheye8\aliasing_fisheye8\main.cpp(106): warning C4244: “=”: 从“double”转换到“float”，可能丢失数据
     1>e:\visual studio 2012\aliasing_fisheye8\aliasing_fisheye8\main.cpp(139): warning C4244: “=”: 从“double”转换到“float”，可能丢失数据
     1>e:\visual studio 2012\aliasing_fisheye8\aliasing_fisheye8\main.cpp(140): warning C4244: “=”: 从“double”转换到“float”，可能丢失数据
     1>e:\visual studio 2012\aliasing_fisheye8\aliasing_fisheye8\main.cpp(141): warning C4244: “=”: 从“double”转换到“float”，可能丢失数据
     1>e:\visual studio 2012\aliasing_fisheye8\aliasing_fisheye8\main.cpp(142): warning C4244: “=”: 从“double”转换到“float”，可能丢失数据
     1>e:\visual studio 2012\aliasing_fisheye8\aliasing_fisheye8\main.cpp(229): warning C4244: “=”: 从“double”转换到“float”，可能丢失数据
     1>e:\visual studio 2012\aliasing_fisheye8\aliasing_fisheye8\main.cpp(268): warning C4244: “+=”: 从“float”转换到“uchar”，可能丢失数据
     1>e:\visual studio 2012\aliasing_fisheye8\aliasing_fisheye8\main.cpp(301): warning C4244: “=”: 从“double”转换到“float”，可能丢失数据
     1>e:\visual studio 2012\aliasing_fisheye8\aliasing_fisheye8\main.cpp(302): warning C4244: “=”: 从“double”转换到“float”，可能丢失数据
     1>e:\visual studio 2012\aliasing_fisheye8\aliasing_fisheye8\main.cpp(356): warning C4244: “=”: 从“double”转换到“float”，可能丢失数据
     1>e:\visual studio 2012\aliasing_fisheye8\aliasing_fisheye8\main.cpp(357): warning C4244: “=”: 从“double”转换到“float”，可能丢失数据
     1>e:\visual studio 2012\aliasing_fisheye8\aliasing_fisheye8\main.cpp(400): warning C4244: “初始化”: 从“double”转换到“float”，可能丢失数据
     1>e:\visual studio 2012\aliasing_fisheye8\aliasing_fisheye8\main.cpp(403): warning C4244: “初始化”: 从“double”转换到“float”，可能丢失数据
     1>e:\visual studio 2012\aliasing_fisheye8\aliasing_fisheye8\main.cpp(477): warning C4244: “+=”: 从“float”转换到“uchar”，可能丢失数据
     1>e:\visual studio 2012\aliasing_fisheye8\aliasing_fisheye8\main.cpp(530): warning C4244: “=”: 从“float”转换到“uchar”，可能丢失数据
     1>e:\visual studio 2012\aliasing_fisheye8\aliasing_fisheye8\main.cpp(627): warning C4244: “初始化”: 从“double”转换到“int”，可能丢失数据
     1>e:\visual studio 2012\aliasing_fisheye8\aliasing_fisheye8\main.cpp(628): warning C4244: “初始化”: 从“double”转换到“int”，可能丢失数据
     1>e:\visual studio 2012\aliasing_fisheye8\aliasing_fisheye8\main.cpp(694): warning C4244: “=”: 从“double”转换到“float”，可能丢失数据
     1>e:\visual studio 2012\aliasing_fisheye8\aliasing_fisheye8\main.cpp(695): warning C4244: “=”: 从“double”转换到“float”，可能丢失数据
     1>e:\visual studio 2012\aliasing_fisheye8\aliasing_fisheye8\main.cpp(741): warning C4244: “=”: 从“float”转换到“int”，可能丢失数据
     1>e:\visual studio 2012\aliasing_fisheye8\aliasing_fisheye8\main.cpp(742): warning C4244: “=”: 从“float”转换到“int”，可能丢失数据
     1>e:\visual studio 2012\aliasing_fisheye8\aliasing_fisheye8\main.cpp(822): warning C4244: “=”: 从“double”转换到“float”，可能丢失数据
     1>e:\visual studio 2012\aliasing_fisheye8\aliasing_fisheye8\main.cpp(823): warning C4244: “=”: 从“double”转换到“float”，可能丢失数据
     1>e:\visual studio 2012\aliasing_fisheye8\aliasing_fisheye8\main.cpp(1103): warning C4244: “=”: 从“float”转换到“uchar”，可能丢失数据
     1>e:\visual studio 2012\aliasing_fisheye8\aliasing_fisheye8\main.cpp(1108): warning C4244: “=”: 从“double”转换到“float”，可能丢失数据
     1>e:\visual studio 2012\aliasing_fisheye8\aliasing_fisheye8\main.cpp(1109): warning C4244: “=”: 从“double”转换到“float”，可能丢失数据
     1>e:\visual studio 2012\aliasing_fisheye8\aliasing_fisheye8\main.cpp(1150): warning C4244: “=”: 从“float”转换到“int”，可能丢失数据
     1>e:\visual studio 2012\aliasing_fisheye8\aliasing_fisheye8\main.cpp(1151): warning C4244: “=”: 从“float”转换到“int”，可能丢失数据
     1>e:\visual studio 2012\aliasing_fisheye8\aliasing_fisheye8\main.cpp(1203): warning C4244: “参数”: 从“double”转换到“float”，可能丢失数据
     1>e:\visual studio 2012\aliasing_fisheye8\aliasing_fisheye8\main.cpp(1228): warning C4244: “参数”: 从“double”转换到“float”，可能丢失数据
     1>e:\visual studio 2012\aliasing_fisheye8\aliasing_fisheye8\main.cpp(1245): warning C4244: “参数”: 从“int”转换到“float”，可能丢失数据
     1>e:\visual studio 2012\aliasing_fisheye8\aliasing_fisheye8\main.cpp(1245): warning C4244: “参数”: 从“double”转换到“float”，可能丢失数据
     1>e:\visual studio 2012\aliasing_fisheye8\aliasing_fisheye8\main.cpp(1259): warning C4244: “=”: 从“double”转换到“float”，可能丢失数据
     1>e:\visual studio 2012\aliasing_fisheye8\aliasing_fisheye8\main.cpp(1260): warning C4244: “=”: 从“double”转换到“float”，可能丢失数据
     1>e:\visual studio 2012\aliasing_fisheye8\aliasing_fisheye8\main.cpp(1274): warning C4244: “参数”: 从“int”转换到“float”，可能丢失数据
     1>e:\visual studio 2012\aliasing_fisheye8\aliasing_fisheye8\main.cpp(1274): warning C4244: “参数”: 从“double”转换到“float”，可能丢失数据
     1>e:\visual studio 2012\aliasing_fisheye8\aliasing_fisheye8\main.cpp(1446): warning C4996: 'sprintf': This function or variable may be unsafe. Consider using sprintf_s instead. To disable deprecation, use _CRT_SECURE_NO_WARNINGS. See online help for details.
                 d:\program files (x86)\microsoft visual studio 11.0\vc\include\stdio.h(357) : 参见“sprintf”的声明
     1>e:\visual studio 2012\aliasing_fisheye8\aliasing_fisheye8\main.cpp(1453): warning C4996: 'sprintf': This function or variable may be unsafe. Consider using sprintf_s instead. To disable deprecation, use _CRT_SECURE_NO_WARNINGS. See online help for details.
                 d:\program files (x86)\microsoft visual studio 11.0\vc\include\stdio.h(357) : 参见“sprintf”的声明
     1>e:\visual studio 2012\aliasing_fisheye8\aliasing_fisheye8\main.cpp(1477): warning C4996: 'sprintf': This function or variable may be unsafe. Consider using sprintf_s instead. To disable deprecation, use _CRT_SECURE_NO_WARNINGS. See online help for details.
                 d:\program files (x86)\microsoft visual studio 11.0\vc\include\stdio.h(357) : 参见“sprintf”的声明
     1>e:\visual studio 2012\aliasing_fisheye8\aliasing_fisheye8\main.cpp(1491): warning C4996: 'sprintf': This function or variable may be unsafe. Consider using sprintf_s instead. To disable deprecation, use _CRT_SECURE_NO_WARNINGS. See online help for details.
                 d:\program files (x86)\microsoft visual studio 11.0\vc\include\stdio.h(357) : 参见“sprintf”的声明
     1>e:\visual studio 2012\aliasing_fisheye8\aliasing_fisheye8\main.cpp(1510): warning C4996: 'sprintf': This function or variable may be unsafe. Consider using sprintf_s instead. To disable deprecation, use _CRT_SECURE_NO_WARNINGS. See online help for details.
                 d:\program files (x86)\microsoft visual studio 11.0\vc\include\stdio.h(357) : 参见“sprintf”的声明
     1>e:\visual studio 2012\aliasing_fisheye8\aliasing_fisheye8\main.cpp(1519): warning C4996: 'sprintf': This function or variable may be unsafe. Consider using sprintf_s instead. To disable deprecation, use _CRT_SECURE_NO_WARNINGS. See online help for details.
                 d:\program files (x86)\microsoft visual studio 11.0\vc\include\stdio.h(357) : 参见“sprintf”的声明
     1>e:\visual studio 2012\aliasing_fisheye8\aliasing_fisheye8\main.cpp(1522): warning C4244: “参数”: 从“double”转换到“float”，可能丢失数据
     1>e:\visual studio 2012\aliasing_fisheye8\aliasing_fisheye8\main.cpp(1544): warning C4996: 'sprintf': This function or variable may be unsafe. Consider using sprintf_s instead. To disable deprecation, use _CRT_SECURE_NO_WARNINGS. See online help for details.
                 d:\program files (x86)\microsoft visual studio 11.0\vc\include\stdio.h(357) : 参见“sprintf”的声明
     1>e:\visual studio 2012\aliasing_fisheye8\aliasing_fisheye8\main.cpp(1546): warning C4244: “参数”: 从“double”转换到“float”，可能丢失数据
     1>e:\visual studio 2012\aliasing_fisheye8\aliasing_fisheye8\main.cpp(1555): warning C4996: 'sprintf': This function or variable may be unsafe. Consider using sprintf_s instead. To disable deprecation, use _CRT_SECURE_NO_WARNINGS. See online help for details.
                 d:\program files (x86)\microsoft visual studio 11.0\vc\include\stdio.h(357) : 参见“sprintf”的声明
     1>e:\visual studio 2012\aliasing_fisheye8\aliasing_fisheye8\main.cpp(1557): warning C4244: “参数”: 从“double”转换到“float”，可能丢失数据
     1>e:\visual studio 2012\aliasing_fisheye8\aliasing_fisheye8\main.cpp(1567): warning C4996: 'sprintf': This function or variable may be unsafe. Consider using sprintf_s instead. To disable deprecation, use _CRT_SECURE_NO_WARNINGS. See online help for details.
                 d:\program files (x86)\microsoft visual studio 11.0\vc\include\stdio.h(357) : 参见“sprintf”的声明
     1>e:\visual studio 2012\aliasing_fisheye8\aliasing_fisheye8\main.cpp(1686): warning C4996: 'sprintf': This function or variable may be unsafe. Consider using sprintf_s instead. To disable deprecation, use _CRT_SECURE_NO_WARNINGS. See online help for details.
                 d:\program files (x86)\microsoft visual studio 11.0\vc\include\stdio.h(357) : 参见“sprintf”的声明
       Link:
         D:\Program Files (x86)\Microsoft Visual Studio 11.0\VC\bin\link.exe /ERRORREPORT:PROMPT /OUT:"E:\visual studio 2012\aliasing_fisheye8\Debug\aliasing_fisheye8.exe" /INCREMENTAL /NOLOGO opencv_calib3d2413.lib opencv_contrib2413d.lib opencv_core2413d.lib opencv_features2d2413d.lib opencv_flann2413d.lib opencv_gpu2413d.lib opencv_highgui2413d.lib opencv_imgproc2413d.lib opencv_legacy2413d.lib opencv_ml2413d.lib opencv_nonfree2413d.lib opencv_objdetect2413d.lib opencv_ocl2413d.lib opencv_photo2413d.lib opencv_stitching2413d.lib opencv_superres2413d.lib opencv_ts2413d.lib opencv_video2413d.lib opencv_videostab2413d.lib kernel32.lib user32.lib gdi32.lib winspool.lib comdlg32.lib advapi32.lib shell32.lib ole32.lib oleaut32.lib uuid.lib odbc32.lib odbccp32.lib /MANIFEST /MANIFESTUAC:"level='asInvoker' uiAccess='false'" /manifest:embed /DEBUG /PDB:"E:\visual studio 2012\aliasing_fisheye8\Debug\aliasing_fisheye8.pdb" /SUBSYSTEM:CONSOLE /TLBID:1 /DYNAMICBASE /NXCOMPAT /IMPLIB:"E:\visual studio 2012\aliasing_fisheye8\Debug\aliasing_fisheye8.lib" /MACHINE:X86 Debug\library.obj
         Debug\main.obj
         Debug\numerics1.obj
         Debug\splines.obj
         aliasing_fisheye8.vcxproj -> E:\visual studio 2012\aliasing_fisheye8\Debug\aliasing_fisheye8.exe
     1>已完成生成项目“E:\visual studio 2012\aliasing_fisheye8\aliasing_fisheye8\aliasing_fisheye8.vcxproj”(Build 个目标)的操作。

生成成功。

已用时间 00:00:04.86
